


ARM Macro Assembler    Page 1 


    1 00000000         ;/******************************************************
                       ********************//**
    2 00000000         ; * @file     startup_m031series.s
    3 00000000         ; * @version  V2.00
    4 00000000         ; * $Revision: 4 $
    5 00000000         ; * $Date: 18/04/02 4:02p $
    6 00000000         ; * @brief    M031 Series Startup Source File
    7 00000000         ; *
    8 00000000         ; * @note
    9 00000000         ; * Copyright (C) 2018 Nuvoton Technology Corp. All righ
                       ts reserved.
   10 00000000         ; ******************************************************
                       ************************/
   11 00000000                 IF               :LNOT: :DEF: Stack_Size
   13                          ENDIF
   14 00000000         
   15 00000000                 AREA             STACK, NOINIT, READWRITE, ALIGN
=3
   16 00000000         Stack_Mem
                               SPACE            Stack_Size
   17 00000200         __initial_sp
   18 00000200         
   19 00000200         
   20 00000200         ; <h> Heap Configuration
   21 00000200         ;   <o>  Heap Size (in Bytes) <0x0-0xFFFFFFFF:8>
   22 00000200         ; </h>
   23 00000200                 IF               :LNOT: :DEF: Heap_Size
   25                          ENDIF
   26 00000200                 AREA             HEAP, NOINIT, READWRITE, ALIGN=
3
   27 00000000         __heap_base
   28 00000000         Heap_Mem
                               SPACE            Heap_Size
   29 00000000         __heap_limit
   30 00000000         
   31 00000000         
   32 00000000                 PRESERVE8
   33 00000000                 THUMB
   34 00000000         
   35 00000000         
   36 00000000         ; Vector Table Mapped to Address 0 at Reset
   37 00000000                 AREA             RESET, DATA, READONLY
   38 00000000                 EXPORT           __Vectors
   39 00000000         
   40 00000000 00000000 
                       __Vectors
                               DCD              __initial_sp ; Top of Stack
   41 00000004 00000000        DCD              Reset_Handler ; Reset Handler
   42 00000008 00000000        DCD              NMI_Handler ; NMI Handler
   43 0000000C 00000000        DCD              HardFault_Handler ; Hard Fault 
                                                            Handler
   44 00000010 00000000        DCD              0           ; Reserved
   45 00000014 00000000        DCD              0           ; Reserved
   46 00000018 00000000        DCD              0           ; Reserved
   47 0000001C 00000000        DCD              0           ; Reserved
   48 00000020 00000000        DCD              0           ; Reserved
   49 00000024 00000000        DCD              0           ; Reserved
   50 00000028 00000000        DCD              0           ; Reserved
   51 0000002C 00000000        DCD              SVC_Handler ; SVCall Handler



ARM Macro Assembler    Page 2 


   52 00000030 00000000        DCD              0           ; Reserved
   53 00000034 00000000        DCD              0           ; Reserved
   54 00000038 00000000        DCD              PendSV_Handler ; PendSV Handler
                                                            
   55 0000003C 00000000        DCD              SysTick_Handler 
                                                            ; SysTick Handler
   56 00000040         
   57 00000040         ; External Interrupts
   58 00000040         ; maximum of 32 External Interrupts are possible
   59 00000040 00000000        DCD              BOD_IRQHandler
   60 00000044 00000000        DCD              WDT_IRQHandler
   61 00000048 00000000        DCD              EINT024_IRQHandler
   62 0000004C 00000000        DCD              EINT135_IRQHandler
   63 00000050 00000000        DCD              GPABGH_IRQHandler
   64 00000054 00000000        DCD              GPCDEF_IRQHandler
   65 00000058 00000000        DCD              PWM0_IRQHandler
   66 0000005C 00000000        DCD              PWM1_IRQHandler
   67 00000060 00000000        DCD              TMR0_IRQHandler
   68 00000064 00000000        DCD              TMR1_IRQHandler
   69 00000068 00000000        DCD              TMR2_IRQHandler
   70 0000006C 00000000        DCD              TMR3_IRQHandler
   71 00000070 00000000        DCD              UART02_IRQHandler
   72 00000074 00000000        DCD              UART13_IRQHandler
   73 00000078 00000000        DCD              SPI0_IRQHandler
   74 0000007C 00000000        DCD              QSPI0_IRQHandler
   75 00000080 00000000        DCD              ISP_IRQHandler
   76 00000084 00000000        DCD              UART57_IRQHandler
   77 00000088 00000000        DCD              I2C0_IRQHandler
   78 0000008C 00000000        DCD              I2C1_IRQHandler
   79 00000090 00000000        DCD              BPWM0_IRQHandler
   80 00000094 00000000        DCD              BPWM1_IRQHandler
   81 00000098 00000000        DCD              USCI01_IRQHandler
   82 0000009C 00000000        DCD              USBD_IRQHandler
   83 000000A0 00000000        DCD              Default_Handler
   84 000000A4 00000000        DCD              ACMP01_IRQHandler
   85 000000A8 00000000        DCD              PDMA_IRQHandler
   86 000000AC 00000000        DCD              UART46_IRQHandler
   87 000000B0 00000000        DCD              PWRWU_IRQHandler
   88 000000B4 00000000        DCD              ADC_IRQHandler
   89 000000B8 00000000        DCD              CKFAIL_IRQHandler
   90 000000BC 00000000        DCD              RTC_IRQHandler
   91 000000C0         
   92 000000C0         
   93 000000C0         
   94 000000C0                 AREA             |.text|, CODE, READONLY
   95 00000000         
   96 00000000         
   97 00000000         
   98 00000000         ; Reset Handler
   99 00000000         
  100 00000000                 ENTRY
  101 00000000         
  102 00000000         Reset_Handler
                               PROC
  103 00000000                 EXPORT           Reset_Handler             [WEAK
]
  104 00000000                 IMPORT           SystemInit
  105 00000000                 IMPORT           __main
  106 00000000         



ARM Macro Assembler    Page 3 


  107 00000000         
  108 00000000 480C            LDR              R0, =0x40000100
  109 00000002         ; Unlock Register
  110 00000002         
  111 00000002 490D            LDR              R1, =0x59
  112 00000004 6001            STR              R1, [R0]
  113 00000006 490D            LDR              R1, =0x16
  114 00000008 6001            STR              R1, [R0]
  115 0000000A 490D            LDR              R1, =0x88
  116 0000000C 6001            STR              R1, [R0]
  117 0000000E         
  118 0000000E         ; Init POR
  119 0000000E 4A0D            LDR              R2, =0x40000024
  120 00000010 490D            LDR              R1, =0x00005AA5
  121 00000012 6011            STR              R1, [R2]
  122 00000014         
  123 00000014         ; Init LDO_RDY
  124 00000014 4A0D            LDR              R2, =0x40000280
  125 00000016 490E            LDR              R1, =0x00000001
  126 00000018 6011            STR              R1, [R2]
  127 0000001A         
  128 0000001A         ; Lock register
  129 0000001A 2100            MOVS             R1, #0
  130 0000001C 6001            STR              R1, [R0]
  131 0000001E         
  132 0000001E 480D            LDR              R0, =SystemInit
  133 00000020 4780            BLX              R0
  134 00000022 480D            LDR              R0, =__main
  135 00000024 4700            BX               R0
  136 00000026                 ENDP
  137 00000026         
  138 00000026         
  139 00000026         
  140 00000026         ; Dummy Exception Handlers (infinite loops which can be 
                       modified)
  141 00000026         
  142 00000026         NMI_Handler
                               PROC
  143 00000026                 EXPORT           NMI_Handler               [WEAK
]
  144 00000026 E7FE            B                .
  145 00000028                 ENDP
  147 00000028         HardFault_Handler
                               PROC
  148 00000028                 EXPORT           HardFault_Handler         [WEAK
]
  149 00000028 E7FE            B                .
  150 0000002A                 ENDP
  151 0000002A         SVC_Handler
                               PROC
  152 0000002A                 EXPORT           SVC_Handler               [WEAK
]
  153 0000002A E7FE            B                .
  154 0000002C                 ENDP
  155 0000002C         PendSV_Handler
                               PROC
  156 0000002C                 EXPORT           PendSV_Handler            [WEAK
]
  157 0000002C E7FE            B                .



ARM Macro Assembler    Page 4 


  158 0000002E                 ENDP
  159 0000002E         SysTick_Handler
                               PROC
  160 0000002E                 EXPORT           SysTick_Handler           [WEAK
]
  161 0000002E E7FE            B                .
  162 00000030                 ENDP
  163 00000030         
  164 00000030         Default_Handler
                               PROC
  165 00000030         
  166 00000030                 EXPORT           BOD_IRQHandler            [WEAK
]
  167 00000030                 EXPORT           WDT_IRQHandler            [WEAK
]
  168 00000030                 EXPORT           EINT024_IRQHandler        [WEAK
]
  169 00000030                 EXPORT           EINT135_IRQHandler        [WEAK
]
  170 00000030                 EXPORT           GPABGH_IRQHandler         [WEAK
]
  171 00000030                 EXPORT           GPCDEF_IRQHandler         [WEAK
]
  172 00000030                 EXPORT           PWM0_IRQHandler           [WEAK
]
  173 00000030                 EXPORT           PWM1_IRQHandler           [WEAK
]
  174 00000030                 EXPORT           TMR0_IRQHandler           [WEAK
]
  175 00000030                 EXPORT           TMR1_IRQHandler           [WEAK
]
  176 00000030                 EXPORT           TMR2_IRQHandler           [WEAK
]
  177 00000030                 EXPORT           TMR3_IRQHandler           [WEAK
]
  178 00000030                 EXPORT           UART02_IRQHandler         [WEAK
]
  179 00000030                 EXPORT           UART13_IRQHandler         [WEAK
]
  180 00000030                 EXPORT           SPI0_IRQHandler           [WEAK
]
  181 00000030                 EXPORT           QSPI0_IRQHandler          [WEAK
]
  182 00000030                 EXPORT           ISP_IRQHandler            [WEAK
]
  183 00000030                 EXPORT           UART57_IRQHandler         [WEAK
]
  184 00000030                 EXPORT           I2C0_IRQHandler           [WEAK
]
  185 00000030                 EXPORT           I2C1_IRQHandler           [WEAK
]
  186 00000030                 EXPORT           BPWM0_IRQHandler          [WEAK
]
  187 00000030                 EXPORT           BPWM1_IRQHandler          [WEAK
]
  188 00000030                 EXPORT           USCI01_IRQHandler         [WEAK
]
  189 00000030                 EXPORT           USBD_IRQHandler           [WEAK
]



ARM Macro Assembler    Page 5 


  190 00000030                 EXPORT           ACMP01_IRQHandler         [WEAK
]
  191 00000030                 EXPORT           PDMA_IRQHandler           [WEAK
]
  192 00000030                 EXPORT           UART46_IRQHandler         [WEAK
]
  193 00000030                 EXPORT           PWRWU_IRQHandler          [WEAK
]
  194 00000030                 EXPORT           ADC_IRQHandler            [WEAK
]
  195 00000030                 EXPORT           CKFAIL_IRQHandler         [WEAK
]
  196 00000030                 EXPORT           RTC_IRQHandler            [WEAK
]
  197 00000030         
  198 00000030         BOD_IRQHandler
  199 00000030         WDT_IRQHandler
  200 00000030         EINT024_IRQHandler
  201 00000030         EINT135_IRQHandler
  202 00000030         GPABGH_IRQHandler
  203 00000030         GPCDEF_IRQHandler
  204 00000030         PWM0_IRQHandler
  205 00000030         PWM1_IRQHandler
  206 00000030         TMR0_IRQHandler
  207 00000030         TMR1_IRQHandler
  208 00000030         TMR2_IRQHandler
  209 00000030         TMR3_IRQHandler
  210 00000030         UART02_IRQHandler
  211 00000030         UART13_IRQHandler
  212 00000030         SPI0_IRQHandler
  213 00000030         QSPI0_IRQHandler
  214 00000030         ISP_IRQHandler
  215 00000030         UART57_IRQHandler
  216 00000030         I2C0_IRQHandler
  217 00000030         I2C1_IRQHandler
  218 00000030         BPWM0_IRQHandler
  219 00000030         BPWM1_IRQHandler
  220 00000030         USCI01_IRQHandler
  221 00000030         USBD_IRQHandler
  222 00000030         ACMP01_IRQHandler
  223 00000030         PDMA_IRQHandler
  224 00000030         UART46_IRQHandler
  225 00000030         PWRWU_IRQHandler
  226 00000030         ADC_IRQHandler
  227 00000030         CKFAIL_IRQHandler
  228 00000030         RTC_IRQHandler
  229 00000030 E7FE            B                .
  230 00000032                 ENDP
  231 00000032         
  232 00000032         
  233 00000032 00 00           ALIGN
  234 00000034         
  235 00000034         
  236 00000034         ; User Initial Stack & Heap
  237 00000034         
  238 00000034                 IF               :DEF:__MICROLIB
  239 00000034         
  240 00000034                 EXPORT           __initial_sp
  241 00000034                 EXPORT           __heap_base



ARM Macro Assembler    Page 6 


  242 00000034                 EXPORT           __heap_limit
  243 00000034         
  244 00000034                 ELSE
  258                          ENDIF
  259 00000034         
  260 00000034                 END
              40000100 
              00000059 
              00000016 
              00000088 
              40000024 
              00005AA5 
              40000280 
              00000001 
              00000000 
              00000000 
Command Line: --16 --debug --xref --diag_suppress=9931 --cpu=Cortex-M0 --apcs=i
nterwork --depend=.\obj\startup_m031series.d -o.\obj\startup_m031series.o -IC:\
Keil_v5\ARM\RV31\INC -IC:\Keil_v5\ARM\CMSIS\Include --predefine="__EVAL SETA 1"
 --predefine="__MICROLIB SETA 1" --predefine="__UVISION_VERSION SETA 538" --lis
t=.\lst\startup_m031series.lst ..\..\..\..\Library\Device\Nuvoton\M031\Source\A
RM\startup_M031Series.s



ARM Macro Assembler    Page 1 Alphabetic symbol ordering
Relocatable symbols

STACK 00000000

Symbol: STACK
   Definitions
      At line 15 in file ..\..\..\..\Library\Device\Nuvoton\M031\Source\ARM\sta
rtup_M031Series.s
   Uses
      None
Comment: STACK unused
Stack_Mem 00000000

Symbol: Stack_Mem
   Definitions
      At line 16 in file ..\..\..\..\Library\Device\Nuvoton\M031\Source\ARM\sta
rtup_M031Series.s
   Uses
      None
Comment: Stack_Mem unused
__initial_sp 00000200

Symbol: __initial_sp
   Definitions
      At line 17 in file ..\..\..\..\Library\Device\Nuvoton\M031\Source\ARM\sta
rtup_M031Series.s
   Uses
      At line 40 in file ..\..\..\..\Library\Device\Nuvoton\M031\Source\ARM\sta
rtup_M031Series.s
      At line 240 in file ..\..\..\..\Library\Device\Nuvoton\M031\Source\ARM\st
artup_M031Series.s

3 symbols



ARM Macro Assembler    Page 1 Alphabetic symbol ordering
Relocatable symbols

HEAP 00000000

Symbol: HEAP
   Definitions
      At line 26 in file ..\..\..\..\Library\Device\Nuvoton\M031\Source\ARM\sta
rtup_M031Series.s
   Uses
      None
Comment: HEAP unused
Heap_Mem 00000000

Symbol: Heap_Mem
   Definitions
      At line 28 in file ..\..\..\..\Library\Device\Nuvoton\M031\Source\ARM\sta
rtup_M031Series.s
   Uses
      None
Comment: Heap_Mem unused
__heap_base 00000000

Symbol: __heap_base
   Definitions
      At line 27 in file ..\..\..\..\Library\Device\Nuvoton\M031\Source\ARM\sta
rtup_M031Series.s
   Uses
      At line 241 in file ..\..\..\..\Library\Device\Nuvoton\M031\Source\ARM\st
artup_M031Series.s
Comment: __heap_base used once
__heap_limit 00000000

Symbol: __heap_limit
   Definitions
      At line 29 in file ..\..\..\..\Library\Device\Nuvoton\M031\Source\ARM\sta
rtup_M031Series.s
   Uses
      At line 242 in file ..\..\..\..\Library\Device\Nuvoton\M031\Source\ARM\st
artup_M031Series.s
Comment: __heap_limit used once
4 symbols



ARM Macro Assembler    Page 1 Alphabetic symbol ordering
Relocatable symbols

RESET 00000000

Symbol: RESET
   Definitions
      At line 37 in file ..\..\..\..\Library\Device\Nuvoton\M031\Source\ARM\sta
rtup_M031Series.s
   Uses
      None
Comment: RESET unused
__Vectors 00000000

Symbol: __Vectors
   Definitions
      At line 40 in file ..\..\..\..\Library\Device\Nuvoton\M031\Source\ARM\sta
rtup_M031Series.s
   Uses
      At line 38 in file ..\..\..\..\Library\Device\Nuvoton\M031\Source\ARM\sta
rtup_M031Series.s
Comment: __Vectors used once
2 symbols



ARM Macro Assembler    Page 1 Alphabetic symbol ordering
Relocatable symbols

.text 00000000

Symbol: .text
   Definitions
      At line 94 in file ..\..\..\..\Library\Device\Nuvoton\M031\Source\ARM\sta
rtup_M031Series.s
   Uses
      None
Comment: .text unused
ACMP01_IRQHandler 00000030

Symbol: ACMP01_IRQHandler
   Definitions
      At line 222 in file ..\..\..\..\Library\Device\Nuvoton\M031\Source\ARM\st
artup_M031Series.s
   Uses
      At line 84 in file ..\..\..\..\Library\Device\Nuvoton\M031\Source\ARM\sta
rtup_M031Series.s
      At line 190 in file ..\..\..\..\Library\Device\Nuvoton\M031\Source\ARM\st
artup_M031Series.s

ADC_IRQHandler 00000030

Symbol: ADC_IRQHandler
   Definitions
      At line 226 in file ..\..\..\..\Library\Device\Nuvoton\M031\Source\ARM\st
artup_M031Series.s
   Uses
      At line 88 in file ..\..\..\..\Library\Device\Nuvoton\M031\Source\ARM\sta
rtup_M031Series.s
      At line 194 in file ..\..\..\..\Library\Device\Nuvoton\M031\Source\ARM\st
artup_M031Series.s

BOD_IRQHandler 00000030

Symbol: BOD_IRQHandler
   Definitions
      At line 198 in file ..\..\..\..\Library\Device\Nuvoton\M031\Source\ARM\st
artup_M031Series.s
   Uses
      At line 59 in file ..\..\..\..\Library\Device\Nuvoton\M031\Source\ARM\sta
rtup_M031Series.s
      At line 166 in file ..\..\..\..\Library\Device\Nuvoton\M031\Source\ARM\st
artup_M031Series.s

BPWM0_IRQHandler 00000030

Symbol: BPWM0_IRQHandler
   Definitions
      At line 218 in file ..\..\..\..\Library\Device\Nuvoton\M031\Source\ARM\st
artup_M031Series.s
   Uses
      At line 79 in file ..\..\..\..\Library\Device\Nuvoton\M031\Source\ARM\sta
rtup_M031Series.s
      At line 186 in file ..\..\..\..\Library\Device\Nuvoton\M031\Source\ARM\st
artup_M031Series.s

BPWM1_IRQHandler 00000030




ARM Macro Assembler    Page 2 Alphabetic symbol ordering
Relocatable symbols

Symbol: BPWM1_IRQHandler
   Definitions
      At line 219 in file ..\..\..\..\Library\Device\Nuvoton\M031\Source\ARM\st
artup_M031Series.s
   Uses
      At line 80 in file ..\..\..\..\Library\Device\Nuvoton\M031\Source\ARM\sta
rtup_M031Series.s
      At line 187 in file ..\..\..\..\Library\Device\Nuvoton\M031\Source\ARM\st
artup_M031Series.s

CKFAIL_IRQHandler 00000030

Symbol: CKFAIL_IRQHandler
   Definitions
      At line 227 in file ..\..\..\..\Library\Device\Nuvoton\M031\Source\ARM\st
artup_M031Series.s
   Uses
      At line 89 in file ..\..\..\..\Library\Device\Nuvoton\M031\Source\ARM\sta
rtup_M031Series.s
      At line 195 in file ..\..\..\..\Library\Device\Nuvoton\M031\Source\ARM\st
artup_M031Series.s

Default_Handler 00000030

Symbol: Default_Handler
   Definitions
      At line 164 in file ..\..\..\..\Library\Device\Nuvoton\M031\Source\ARM\st
artup_M031Series.s
   Uses
      At line 83 in file ..\..\..\..\Library\Device\Nuvoton\M031\Source\ARM\sta
rtup_M031Series.s
Comment: Default_Handler used once
EINT024_IRQHandler 00000030

Symbol: EINT024_IRQHandler
   Definitions
      At line 200 in file ..\..\..\..\Library\Device\Nuvoton\M031\Source\ARM\st
artup_M031Series.s
   Uses
      At line 61 in file ..\..\..\..\Library\Device\Nuvoton\M031\Source\ARM\sta
rtup_M031Series.s
      At line 168 in file ..\..\..\..\Library\Device\Nuvoton\M031\Source\ARM\st
artup_M031Series.s

EINT135_IRQHandler 00000030

Symbol: EINT135_IRQHandler
   Definitions
      At line 201 in file ..\..\..\..\Library\Device\Nuvoton\M031\Source\ARM\st
artup_M031Series.s
   Uses
      At line 62 in file ..\..\..\..\Library\Device\Nuvoton\M031\Source\ARM\sta
rtup_M031Series.s
      At line 169 in file ..\..\..\..\Library\Device\Nuvoton\M031\Source\ARM\st
artup_M031Series.s

GPABGH_IRQHandler 00000030

Symbol: GPABGH_IRQHandler



ARM Macro Assembler    Page 3 Alphabetic symbol ordering
Relocatable symbols

   Definitions
      At line 202 in file ..\..\..\..\Library\Device\Nuvoton\M031\Source\ARM\st
artup_M031Series.s
   Uses
      At line 63 in file ..\..\..\..\Library\Device\Nuvoton\M031\Source\ARM\sta
rtup_M031Series.s
      At line 170 in file ..\..\..\..\Library\Device\Nuvoton\M031\Source\ARM\st
artup_M031Series.s

GPCDEF_IRQHandler 00000030

Symbol: GPCDEF_IRQHandler
   Definitions
      At line 203 in file ..\..\..\..\Library\Device\Nuvoton\M031\Source\ARM\st
artup_M031Series.s
   Uses
      At line 64 in file ..\..\..\..\Library\Device\Nuvoton\M031\Source\ARM\sta
rtup_M031Series.s
      At line 171 in file ..\..\..\..\Library\Device\Nuvoton\M031\Source\ARM\st
artup_M031Series.s

HardFault_Handler 00000028

Symbol: HardFault_Handler
   Definitions
      At line 147 in file ..\..\..\..\Library\Device\Nuvoton\M031\Source\ARM\st
artup_M031Series.s
   Uses
      At line 43 in file ..\..\..\..\Library\Device\Nuvoton\M031\Source\ARM\sta
rtup_M031Series.s
      At line 148 in file ..\..\..\..\Library\Device\Nuvoton\M031\Source\ARM\st
artup_M031Series.s

I2C0_IRQHandler 00000030

Symbol: I2C0_IRQHandler
   Definitions
      At line 216 in file ..\..\..\..\Library\Device\Nuvoton\M031\Source\ARM\st
artup_M031Series.s
   Uses
      At line 77 in file ..\..\..\..\Library\Device\Nuvoton\M031\Source\ARM\sta
rtup_M031Series.s
      At line 184 in file ..\..\..\..\Library\Device\Nuvoton\M031\Source\ARM\st
artup_M031Series.s

I2C1_IRQHandler 00000030

Symbol: I2C1_IRQHandler
   Definitions
      At line 217 in file ..\..\..\..\Library\Device\Nuvoton\M031\Source\ARM\st
artup_M031Series.s
   Uses
      At line 78 in file ..\..\..\..\Library\Device\Nuvoton\M031\Source\ARM\sta
rtup_M031Series.s
      At line 185 in file ..\..\..\..\Library\Device\Nuvoton\M031\Source\ARM\st
artup_M031Series.s

ISP_IRQHandler 00000030




ARM Macro Assembler    Page 4 Alphabetic symbol ordering
Relocatable symbols

Symbol: ISP_IRQHandler
   Definitions
      At line 214 in file ..\..\..\..\Library\Device\Nuvoton\M031\Source\ARM\st
artup_M031Series.s
   Uses
      At line 75 in file ..\..\..\..\Library\Device\Nuvoton\M031\Source\ARM\sta
rtup_M031Series.s
      At line 182 in file ..\..\..\..\Library\Device\Nuvoton\M031\Source\ARM\st
artup_M031Series.s

NMI_Handler 00000026

Symbol: NMI_Handler
   Definitions
      At line 142 in file ..\..\..\..\Library\Device\Nuvoton\M031\Source\ARM\st
artup_M031Series.s
   Uses
      At line 42 in file ..\..\..\..\Library\Device\Nuvoton\M031\Source\ARM\sta
rtup_M031Series.s
      At line 143 in file ..\..\..\..\Library\Device\Nuvoton\M031\Source\ARM\st
artup_M031Series.s

PDMA_IRQHandler 00000030

Symbol: PDMA_IRQHandler
   Definitions
      At line 223 in file ..\..\..\..\Library\Device\Nuvoton\M031\Source\ARM\st
artup_M031Series.s
   Uses
      At line 85 in file ..\..\..\..\Library\Device\Nuvoton\M031\Source\ARM\sta
rtup_M031Series.s
      At line 191 in file ..\..\..\..\Library\Device\Nuvoton\M031\Source\ARM\st
artup_M031Series.s

PWM0_IRQHandler 00000030

Symbol: PWM0_IRQHandler
   Definitions
      At line 204 in file ..\..\..\..\Library\Device\Nuvoton\M031\Source\ARM\st
artup_M031Series.s
   Uses
      At line 65 in file ..\..\..\..\Library\Device\Nuvoton\M031\Source\ARM\sta
rtup_M031Series.s
      At line 172 in file ..\..\..\..\Library\Device\Nuvoton\M031\Source\ARM\st
artup_M031Series.s

PWM1_IRQHandler 00000030

Symbol: PWM1_IRQHandler
   Definitions
      At line 205 in file ..\..\..\..\Library\Device\Nuvoton\M031\Source\ARM\st
artup_M031Series.s
   Uses
      At line 66 in file ..\..\..\..\Library\Device\Nuvoton\M031\Source\ARM\sta
rtup_M031Series.s
      At line 173 in file ..\..\..\..\Library\Device\Nuvoton\M031\Source\ARM\st
artup_M031Series.s

PWRWU_IRQHandler 00000030



ARM Macro Assembler    Page 5 Alphabetic symbol ordering
Relocatable symbols


Symbol: PWRWU_IRQHandler
   Definitions
      At line 225 in file ..\..\..\..\Library\Device\Nuvoton\M031\Source\ARM\st
artup_M031Series.s
   Uses
      At line 87 in file ..\..\..\..\Library\Device\Nuvoton\M031\Source\ARM\sta
rtup_M031Series.s
      At line 193 in file ..\..\..\..\Library\Device\Nuvoton\M031\Source\ARM\st
artup_M031Series.s

PendSV_Handler 0000002C

Symbol: PendSV_Handler
   Definitions
      At line 155 in file ..\..\..\..\Library\Device\Nuvoton\M031\Source\ARM\st
artup_M031Series.s
   Uses
      At line 54 in file ..\..\..\..\Library\Device\Nuvoton\M031\Source\ARM\sta
rtup_M031Series.s
      At line 156 in file ..\..\..\..\Library\Device\Nuvoton\M031\Source\ARM\st
artup_M031Series.s

QSPI0_IRQHandler 00000030

Symbol: QSPI0_IRQHandler
   Definitions
      At line 213 in file ..\..\..\..\Library\Device\Nuvoton\M031\Source\ARM\st
artup_M031Series.s
   Uses
      At line 74 in file ..\..\..\..\Library\Device\Nuvoton\M031\Source\ARM\sta
rtup_M031Series.s
      At line 181 in file ..\..\..\..\Library\Device\Nuvoton\M031\Source\ARM\st
artup_M031Series.s

RTC_IRQHandler 00000030

Symbol: RTC_IRQHandler
   Definitions
      At line 228 in file ..\..\..\..\Library\Device\Nuvoton\M031\Source\ARM\st
artup_M031Series.s
   Uses
      At line 90 in file ..\..\..\..\Library\Device\Nuvoton\M031\Source\ARM\sta
rtup_M031Series.s
      At line 196 in file ..\..\..\..\Library\Device\Nuvoton\M031\Source\ARM\st
artup_M031Series.s

Reset_Handler 00000000

Symbol: Reset_Handler
   Definitions
      At line 102 in file ..\..\..\..\Library\Device\Nuvoton\M031\Source\ARM\st
artup_M031Series.s
   Uses
      At line 41 in file ..\..\..\..\Library\Device\Nuvoton\M031\Source\ARM\sta
rtup_M031Series.s
      At line 103 in file ..\..\..\..\Library\Device\Nuvoton\M031\Source\ARM\st
artup_M031Series.s




ARM Macro Assembler    Page 6 Alphabetic symbol ordering
Relocatable symbols

SPI0_IRQHandler 00000030

Symbol: SPI0_IRQHandler
   Definitions
      At line 212 in file ..\..\..\..\Library\Device\Nuvoton\M031\Source\ARM\st
artup_M031Series.s
   Uses
      At line 73 in file ..\..\..\..\Library\Device\Nuvoton\M031\Source\ARM\sta
rtup_M031Series.s
      At line 180 in file ..\..\..\..\Library\Device\Nuvoton\M031\Source\ARM\st
artup_M031Series.s

SVC_Handler 0000002A

Symbol: SVC_Handler
   Definitions
      At line 151 in file ..\..\..\..\Library\Device\Nuvoton\M031\Source\ARM\st
artup_M031Series.s
   Uses
      At line 51 in file ..\..\..\..\Library\Device\Nuvoton\M031\Source\ARM\sta
rtup_M031Series.s
      At line 152 in file ..\..\..\..\Library\Device\Nuvoton\M031\Source\ARM\st
artup_M031Series.s

SysTick_Handler 0000002E

Symbol: SysTick_Handler
   Definitions
      At line 159 in file ..\..\..\..\Library\Device\Nuvoton\M031\Source\ARM\st
artup_M031Series.s
   Uses
      At line 55 in file ..\..\..\..\Library\Device\Nuvoton\M031\Source\ARM\sta
rtup_M031Series.s
      At line 160 in file ..\..\..\..\Library\Device\Nuvoton\M031\Source\ARM\st
artup_M031Series.s

TMR0_IRQHandler 00000030

Symbol: TMR0_IRQHandler
   Definitions
      At line 206 in file ..\..\..\..\Library\Device\Nuvoton\M031\Source\ARM\st
artup_M031Series.s
   Uses
      At line 67 in file ..\..\..\..\Library\Device\Nuvoton\M031\Source\ARM\sta
rtup_M031Series.s
      At line 174 in file ..\..\..\..\Library\Device\Nuvoton\M031\Source\ARM\st
artup_M031Series.s

TMR1_IRQHandler 00000030

Symbol: TMR1_IRQHandler
   Definitions
      At line 207 in file ..\..\..\..\Library\Device\Nuvoton\M031\Source\ARM\st
artup_M031Series.s
   Uses
      At line 68 in file ..\..\..\..\Library\Device\Nuvoton\M031\Source\ARM\sta
rtup_M031Series.s
      At line 175 in file ..\..\..\..\Library\Device\Nuvoton\M031\Source\ARM\st
artup_M031Series.s



ARM Macro Assembler    Page 7 Alphabetic symbol ordering
Relocatable symbols


TMR2_IRQHandler 00000030

Symbol: TMR2_IRQHandler
   Definitions
      At line 208 in file ..\..\..\..\Library\Device\Nuvoton\M031\Source\ARM\st
artup_M031Series.s
   Uses
      At line 69 in file ..\..\..\..\Library\Device\Nuvoton\M031\Source\ARM\sta
rtup_M031Series.s
      At line 176 in file ..\..\..\..\Library\Device\Nuvoton\M031\Source\ARM\st
artup_M031Series.s

TMR3_IRQHandler 00000030

Symbol: TMR3_IRQHandler
   Definitions
      At line 209 in file ..\..\..\..\Library\Device\Nuvoton\M031\Source\ARM\st
artup_M031Series.s
   Uses
      At line 70 in file ..\..\..\..\Library\Device\Nuvoton\M031\Source\ARM\sta
rtup_M031Series.s
      At line 177 in file ..\..\..\..\Library\Device\Nuvoton\M031\Source\ARM\st
artup_M031Series.s

UART02_IRQHandler 00000030

Symbol: UART02_IRQHandler
   Definitions
      At line 210 in file ..\..\..\..\Library\Device\Nuvoton\M031\Source\ARM\st
artup_M031Series.s
   Uses
      At line 71 in file ..\..\..\..\Library\Device\Nuvoton\M031\Source\ARM\sta
rtup_M031Series.s
      At line 178 in file ..\..\..\..\Library\Device\Nuvoton\M031\Source\ARM\st
artup_M031Series.s

UART13_IRQHandler 00000030

Symbol: UART13_IRQHandler
   Definitions
      At line 211 in file ..\..\..\..\Library\Device\Nuvoton\M031\Source\ARM\st
artup_M031Series.s
   Uses
      At line 72 in file ..\..\..\..\Library\Device\Nuvoton\M031\Source\ARM\sta
rtup_M031Series.s
      At line 179 in file ..\..\..\..\Library\Device\Nuvoton\M031\Source\ARM\st
artup_M031Series.s

UART46_IRQHandler 00000030

Symbol: UART46_IRQHandler
   Definitions
      At line 224 in file ..\..\..\..\Library\Device\Nuvoton\M031\Source\ARM\st
artup_M031Series.s
   Uses
      At line 86 in file ..\..\..\..\Library\Device\Nuvoton\M031\Source\ARM\sta
rtup_M031Series.s
      At line 192 in file ..\..\..\..\Library\Device\Nuvoton\M031\Source\ARM\st



ARM Macro Assembler    Page 8 Alphabetic symbol ordering
Relocatable symbols

artup_M031Series.s

UART57_IRQHandler 00000030

Symbol: UART57_IRQHandler
   Definitions
      At line 215 in file ..\..\..\..\Library\Device\Nuvoton\M031\Source\ARM\st
artup_M031Series.s
   Uses
      At line 76 in file ..\..\..\..\Library\Device\Nuvoton\M031\Source\ARM\sta
rtup_M031Series.s
      At line 183 in file ..\..\..\..\Library\Device\Nuvoton\M031\Source\ARM\st
artup_M031Series.s

USBD_IRQHandler 00000030

Symbol: USBD_IRQHandler
   Definitions
      At line 221 in file ..\..\..\..\Library\Device\Nuvoton\M031\Source\ARM\st
artup_M031Series.s
   Uses
      At line 82 in file ..\..\..\..\Library\Device\Nuvoton\M031\Source\ARM\sta
rtup_M031Series.s
      At line 189 in file ..\..\..\..\Library\Device\Nuvoton\M031\Source\ARM\st
artup_M031Series.s

USCI01_IRQHandler 00000030

Symbol: USCI01_IRQHandler
   Definitions
      At line 220 in file ..\..\..\..\Library\Device\Nuvoton\M031\Source\ARM\st
artup_M031Series.s
   Uses
      At line 81 in file ..\..\..\..\Library\Device\Nuvoton\M031\Source\ARM\sta
rtup_M031Series.s
      At line 188 in file ..\..\..\..\Library\Device\Nuvoton\M031\Source\ARM\st
artup_M031Series.s

WDT_IRQHandler 00000030

Symbol: WDT_IRQHandler
   Definitions
      At line 199 in file ..\..\..\..\Library\Device\Nuvoton\M031\Source\ARM\st
artup_M031Series.s
   Uses
      At line 60 in file ..\..\..\..\Library\Device\Nuvoton\M031\Source\ARM\sta
rtup_M031Series.s
      At line 167 in file ..\..\..\..\Library\Device\Nuvoton\M031\Source\ARM\st
artup_M031Series.s

39 symbols



ARM Macro Assembler    Page 1 Alphabetic symbol ordering
Absolute symbols

Heap_Size 00000000

Symbol: Heap_Size
   Definitions
      At line 24 in file ..\..\..\..\Library\Device\Nuvoton\M031\Source\ARM\sta
rtup_M031Series.s
   Uses
      At line 28 in file ..\..\..\..\Library\Device\Nuvoton\M031\Source\ARM\sta
rtup_M031Series.s
Comment: Heap_Size used once
Stack_Size 00000200

Symbol: Stack_Size
   Definitions
      At line 12 in file ..\..\..\..\Library\Device\Nuvoton\M031\Source\ARM\sta
rtup_M031Series.s
   Uses
      At line 16 in file ..\..\..\..\Library\Device\Nuvoton\M031\Source\ARM\sta
rtup_M031Series.s
Comment: Stack_Size used once
2 symbols



ARM Macro Assembler    Page 1 Alphabetic symbol ordering
External symbols

SystemInit 00000000

Symbol: SystemInit
   Definitions
      At line 104 in file ..\..\..\..\Library\Device\Nuvoton\M031\Source\ARM\st
artup_M031Series.s
   Uses
      At line 132 in file ..\..\..\..\Library\Device\Nuvoton\M031\Source\ARM\st
artup_M031Series.s
Comment: SystemInit used once
__main 00000000

Symbol: __main
   Definitions
      At line 105 in file ..\..\..\..\Library\Device\Nuvoton\M031\Source\ARM\st
artup_M031Series.s
   Uses
      At line 134 in file ..\..\..\..\Library\Device\Nuvoton\M031\Source\ARM\st
artup_M031Series.s
Comment: __main used once
2 symbols
389 symbols in table
